2023/02/22 15:20:52 [error] [exception.CDbException] CDbException: The table "popup" for active record class "Popup" cannot be found in the database. in D:\OSPanel\domains\testsite\framework\db\ar\CActiveRecord.php:2391
Stack trace:
#0 D:\OSPanel\domains\testsite\framework\db\ar\CActiveRecord.php(413): CActiveRecordMetaData->__construct()
#1 D:\OSPanel\domains\testsite\framework\db\ar\CActiveRecord.php(79): CActiveRecord->getMetaData()
#2 D:\OSPanel\domains\testsite\protected\controllers\PopupController.php(41): CActiveRecord->__construct()
#3 D:\OSPanel\domains\testsite\framework\web\actions\CInlineAction.php(49): PopupController->actionNew()
#4 D:\OSPanel\domains\testsite\framework\web\CController.php(308): CInlineAction->runWithParams()
#5 D:\OSPanel\domains\testsite\framework\web\CController.php(286): CController->runAction()
#6 D:\OSPanel\domains\testsite\framework\web\CController.php(265): CController->runActionWithFilters()
#7 D:\OSPanel\domains\testsite\framework\web\CWebApplication.php(282): CController->run()
#8 D:\OSPanel\domains\testsite\framework\web\CWebApplication.php(141): CWebApplication->runController()
#9 D:\OSPanel\domains\testsite\framework\base\CApplication.php(185): CWebApplication->processRequest()
#10 D:\OSPanel\domains\testsite\index.php(13): CApplication->run()
#11 {main}
REQUEST_URI=/index.php/popup/new
HTTP_REFERER=http://testsite/index.php/popup/new
---
2023/02/22 15:40:52 [error] [exception.CDbException] CDbException: The table "popup" for active record class "Popup" cannot be found in the database. in D:\OSPanel\domains\testsite\framework\db\ar\CActiveRecord.php:2391
Stack trace:
#0 D:\OSPanel\domains\testsite\framework\db\ar\CActiveRecord.php(413): CActiveRecordMetaData->__construct()
#1 D:\OSPanel\domains\testsite\framework\db\ar\CActiveRecord.php(79): CActiveRecord->getMetaData()
#2 D:\OSPanel\domains\testsite\protected\controllers\PopupController.php(41): CActiveRecord->__construct()
#3 D:\OSPanel\domains\testsite\framework\web\actions\CInlineAction.php(49): PopupController->actionNew()
#4 D:\OSPanel\domains\testsite\framework\web\CController.php(308): CInlineAction->runWithParams()
#5 D:\OSPanel\domains\testsite\framework\web\CController.php(286): CController->runAction()
#6 D:\OSPanel\domains\testsite\framework\web\CController.php(265): CController->runActionWithFilters()
#7 D:\OSPanel\domains\testsite\framework\web\CWebApplication.php(282): CController->run()
#8 D:\OSPanel\domains\testsite\framework\web\CWebApplication.php(141): CWebApplication->runController()
#9 D:\OSPanel\domains\testsite\framework\base\CApplication.php(185): CWebApplication->processRequest()
#10 D:\OSPanel\domains\testsite\index.php(13): CApplication->run()
#11 {main}
REQUEST_URI=/index.php/popup/new
HTTP_REFERER=http://testsite/index.php/popup/new
---
2023/02/22 19:13:09 [error] [exception.CHttpException.404] CHttpException: The system is unable to find the requested action "popup". in D:\OSPanel\domains\testsite\framework\web\CController.php:486
Stack trace:
#0 D:\OSPanel\domains\testsite\framework\web\CController.php(270): CController->missingAction()
#1 D:\OSPanel\domains\testsite\framework\web\CWebApplication.php(282): CController->run()
#2 D:\OSPanel\domains\testsite\framework\web\CWebApplication.php(141): CWebApplication->runController()
#3 D:\OSPanel\domains\testsite\framework\base\CApplication.php(185): CWebApplication->processRequest()
#4 D:\OSPanel\domains\testsite\index.php(13): CApplication->run()
#5 {main}
REQUEST_URI=/index.php/popup/popup/edit/1
HTTP_REFERER=http://testsite/index.php/popup/index
---
2023/02/22 19:13:26 [error] [exception.CHttpException.404] CHttpException: The system is unable to find the requested action "popup". in D:\OSPanel\domains\testsite\framework\web\CController.php:486
Stack trace:
#0 D:\OSPanel\domains\testsite\framework\web\CController.php(270): CController->missingAction()
#1 D:\OSPanel\domains\testsite\framework\web\CWebApplication.php(282): CController->run()
#2 D:\OSPanel\domains\testsite\framework\web\CWebApplication.php(141): CWebApplication->runController()
#3 D:\OSPanel\domains\testsite\framework\base\CApplication.php(185): CWebApplication->processRequest()
#4 D:\OSPanel\domains\testsite\index.php(13): CApplication->run()
#5 {main}
REQUEST_URI=/index.php/popup/popup/edit?id=1
---
2023/02/22 19:19:15 [error] [exception.CHttpException.404] CHttpException: Unable to resolve the request "edit". in D:\OSPanel\domains\testsite\framework\web\CWebApplication.php:286
Stack trace:
#0 D:\OSPanel\domains\testsite\framework\web\CWebApplication.php(141): CWebApplication->runController()
#1 D:\OSPanel\domains\testsite\framework\base\CApplication.php(185): CWebApplication->processRequest()
#2 D:\OSPanel\domains\testsite\index.php(13): CApplication->run()
#3 {main}
REQUEST_URI=/edit?id=1
HTTP_REFERER=http://testsite/index.php/popup/index
---
2023/02/23 13:45:27 [error] [exception.TypeError] TypeError: json_decode(): Argument #1 ($json) must be of type string, array given in D:\OSPanel\domains\testsite\protected\controllers\PopupController.php:114
Stack trace:
#0 D:\OSPanel\domains\testsite\protected\controllers\PopupController.php(114): json_decode()
#1 D:\OSPanel\domains\testsite\framework\web\actions\CInlineAction.php(49): PopupController->actionGetPopupByScript()
#2 D:\OSPanel\domains\testsite\framework\web\CController.php(308): CInlineAction->runWithParams()
#3 D:\OSPanel\domains\testsite\framework\web\CController.php(286): CController->runAction()
#4 D:\OSPanel\domains\testsite\framework\web\CController.php(265): CController->runActionWithFilters()
#5 D:\OSPanel\domains\testsite\framework\web\CWebApplication.php(282): CController->run()
#6 D:\OSPanel\domains\testsite\framework\web\CWebApplication.php(141): CWebApplication->runController()
#7 D:\OSPanel\domains\testsite\framework\base\CApplication.php(185): CWebApplication->processRequest()
#8 D:\OSPanel\domains\testsite\index.php(13): CApplication->run()
#9 {main}
REQUEST_URI=/index.php/popup/getpopupbyscript
HTTP_REFERER=http://testsite/index.php/popup/demo?id=1
---
2023/02/23 13:45:50 [error] [exception.TypeError] TypeError: json_decode(): Argument #1 ($json) must be of type string, array given in D:\OSPanel\domains\testsite\protected\controllers\PopupController.php:114
Stack trace:
#0 D:\OSPanel\domains\testsite\protected\controllers\PopupController.php(114): json_decode()
#1 D:\OSPanel\domains\testsite\framework\web\actions\CInlineAction.php(49): PopupController->actionGetPopupByScript()
#2 D:\OSPanel\domains\testsite\framework\web\CController.php(308): CInlineAction->runWithParams()
#3 D:\OSPanel\domains\testsite\framework\web\CController.php(286): CController->runAction()
#4 D:\OSPanel\domains\testsite\framework\web\CController.php(265): CController->runActionWithFilters()
#5 D:\OSPanel\domains\testsite\framework\web\CWebApplication.php(282): CController->run()
#6 D:\OSPanel\domains\testsite\framework\web\CWebApplication.php(141): CWebApplication->runController()
#7 D:\OSPanel\domains\testsite\framework\base\CApplication.php(185): CWebApplication->processRequest()
#8 D:\OSPanel\domains\testsite\index.php(13): CApplication->run()
#9 {main}
REQUEST_URI=/index.php/popup/getpopupbyscript
---
2023/02/23 13:48:15 [error] [exception.TypeError] TypeError: json_decode(): Argument #1 ($json) must be of type string, array given in D:\OSPanel\domains\testsite\protected\controllers\PopupController.php:102
Stack trace:
#0 D:\OSPanel\domains\testsite\protected\controllers\PopupController.php(102): json_decode()
#1 D:\OSPanel\domains\testsite\framework\web\actions\CInlineAction.php(49): PopupController->actionGetPopupByScript()
#2 D:\OSPanel\domains\testsite\framework\web\CController.php(308): CInlineAction->runWithParams()
#3 D:\OSPanel\domains\testsite\framework\web\CController.php(286): CController->runAction()
#4 D:\OSPanel\domains\testsite\framework\web\CController.php(265): CController->runActionWithFilters()
#5 D:\OSPanel\domains\testsite\framework\web\CWebApplication.php(282): CController->run()
#6 D:\OSPanel\domains\testsite\framework\web\CWebApplication.php(141): CWebApplication->runController()
#7 D:\OSPanel\domains\testsite\framework\base\CApplication.php(185): CWebApplication->processRequest()
#8 D:\OSPanel\domains\testsite\index.php(13): CApplication->run()
#9 {main}
REQUEST_URI=/index.php/popup/getpopupbyscript
---
2023/02/23 13:48:22 [error] [exception.TypeError] TypeError: json_decode(): Argument #1 ($json) must be of type string, array given in D:\OSPanel\domains\testsite\protected\controllers\PopupController.php:102
Stack trace:
#0 D:\OSPanel\domains\testsite\protected\controllers\PopupController.php(102): json_decode()
#1 D:\OSPanel\domains\testsite\framework\web\actions\CInlineAction.php(49): PopupController->actionGetPopupByScript()
#2 D:\OSPanel\domains\testsite\framework\web\CController.php(308): CInlineAction->runWithParams()
#3 D:\OSPanel\domains\testsite\framework\web\CController.php(286): CController->runAction()
#4 D:\OSPanel\domains\testsite\framework\web\CController.php(265): CController->runActionWithFilters()
#5 D:\OSPanel\domains\testsite\framework\web\CWebApplication.php(282): CController->run()
#6 D:\OSPanel\domains\testsite\framework\web\CWebApplication.php(141): CWebApplication->runController()
#7 D:\OSPanel\domains\testsite\framework\base\CApplication.php(185): CWebApplication->processRequest()
#8 D:\OSPanel\domains\testsite\index.php(13): CApplication->run()
#9 {main}
REQUEST_URI=/index.php/popup/getpopupbyscript
HTTP_REFERER=http://testsite/index.php/popup/demo?id=1
---
2023/02/23 13:48:24 [error] [exception.TypeError] TypeError: json_decode(): Argument #1 ($json) must be of type string, array given in D:\OSPanel\domains\testsite\protected\controllers\PopupController.php:102
Stack trace:
#0 D:\OSPanel\domains\testsite\protected\controllers\PopupController.php(102): json_decode()
#1 D:\OSPanel\domains\testsite\framework\web\actions\CInlineAction.php(49): PopupController->actionGetPopupByScript()
#2 D:\OSPanel\domains\testsite\framework\web\CController.php(308): CInlineAction->runWithParams()
#3 D:\OSPanel\domains\testsite\framework\web\CController.php(286): CController->runAction()
#4 D:\OSPanel\domains\testsite\framework\web\CController.php(265): CController->runActionWithFilters()
#5 D:\OSPanel\domains\testsite\framework\web\CWebApplication.php(282): CController->run()
#6 D:\OSPanel\domains\testsite\framework\web\CWebApplication.php(141): CWebApplication->runController()
#7 D:\OSPanel\domains\testsite\framework\base\CApplication.php(185): CWebApplication->processRequest()
#8 D:\OSPanel\domains\testsite\index.php(13): CApplication->run()
#9 {main}
REQUEST_URI=/index.php/popup/getpopupbyscript
HTTP_REFERER=http://testsite/index.php/popup/demo?id=1
---
2023/02/23 13:48:31 [error] [exception.TypeError] TypeError: json_decode(): Argument #1 ($json) must be of type string, array given in D:\OSPanel\domains\testsite\protected\controllers\PopupController.php:102
Stack trace:
#0 D:\OSPanel\domains\testsite\protected\controllers\PopupController.php(102): json_decode()
#1 D:\OSPanel\domains\testsite\framework\web\actions\CInlineAction.php(49): PopupController->actionGetPopupByScript()
#2 D:\OSPanel\domains\testsite\framework\web\CController.php(308): CInlineAction->runWithParams()
#3 D:\OSPanel\domains\testsite\framework\web\CController.php(286): CController->runAction()
#4 D:\OSPanel\domains\testsite\framework\web\CController.php(265): CController->runActionWithFilters()
#5 D:\OSPanel\domains\testsite\framework\web\CWebApplication.php(282): CController->run()
#6 D:\OSPanel\domains\testsite\framework\web\CWebApplication.php(141): CWebApplication->runController()
#7 D:\OSPanel\domains\testsite\framework\base\CApplication.php(185): CWebApplication->processRequest()
#8 D:\OSPanel\domains\testsite\index.php(13): CApplication->run()
#9 {main}
REQUEST_URI=/index.php/popup/getpopupbyscript
HTTP_REFERER=http://testsite/index.php/popup/demo?id=1
---
2023/02/23 13:49:17 [error] [exception.TypeError] TypeError: json_decode(): Argument #1 ($json) must be of type string, array given in D:\OSPanel\domains\testsite\protected\controllers\PopupController.php:102
Stack trace:
#0 D:\OSPanel\domains\testsite\protected\controllers\PopupController.php(102): json_decode()
#1 D:\OSPanel\domains\testsite\framework\web\actions\CInlineAction.php(49): PopupController->actionGetPopupByScript()
#2 D:\OSPanel\domains\testsite\framework\web\CController.php(308): CInlineAction->runWithParams()
#3 D:\OSPanel\domains\testsite\framework\web\CController.php(286): CController->runAction()
#4 D:\OSPanel\domains\testsite\framework\web\CController.php(265): CController->runActionWithFilters()
#5 D:\OSPanel\domains\testsite\framework\web\CWebApplication.php(282): CController->run()
#6 D:\OSPanel\domains\testsite\framework\web\CWebApplication.php(141): CWebApplication->runController()
#7 D:\OSPanel\domains\testsite\framework\base\CApplication.php(185): CWebApplication->processRequest()
#8 D:\OSPanel\domains\testsite\index.php(13): CApplication->run()
#9 {main}
REQUEST_URI=/index.php/popup/getpopupbyscript
HTTP_REFERER=http://testsite/index.php/popup/demo?id=2
---
2023/02/23 13:50:40 [error] [exception.TypeError] TypeError: json_decode(): Argument #1 ($json) must be of type string, array given in D:\OSPanel\domains\testsite\protected\controllers\PopupController.php:102
Stack trace:
#0 D:\OSPanel\domains\testsite\protected\controllers\PopupController.php(102): json_decode()
#1 D:\OSPanel\domains\testsite\framework\web\actions\CInlineAction.php(49): PopupController->actionGetPopupByScript()
#2 D:\OSPanel\domains\testsite\framework\web\CController.php(308): CInlineAction->runWithParams()
#3 D:\OSPanel\domains\testsite\framework\web\CController.php(286): CController->runAction()
#4 D:\OSPanel\domains\testsite\framework\web\CController.php(265): CController->runActionWithFilters()
#5 D:\OSPanel\domains\testsite\framework\web\CWebApplication.php(282): CController->run()
#6 D:\OSPanel\domains\testsite\framework\web\CWebApplication.php(141): CWebApplication->runController()
#7 D:\OSPanel\domains\testsite\framework\base\CApplication.php(185): CWebApplication->processRequest()
#8 D:\OSPanel\domains\testsite\index.php(13): CApplication->run()
#9 {main}
REQUEST_URI=/index.php/popup/getpopupbyscript
---
2023/02/23 13:51:50 [error] [php] Undefined array key "popup_id" (D:\OSPanel\domains\testsite\protected\controllers\PopupController.php:102)
Stack trace:
#0 D:\OSPanel\domains\testsite\framework\web\actions\CInlineAction.php(49): PopupController->actionGetPopupByScript()
#1 D:\OSPanel\domains\testsite\framework\web\CController.php(308): CInlineAction->runWithParams()
#2 D:\OSPanel\domains\testsite\framework\web\CController.php(286): PopupController->runAction()
#3 D:\OSPanel\domains\testsite\framework\web\CController.php(265): PopupController->runActionWithFilters()
#4 D:\OSPanel\domains\testsite\framework\web\CWebApplication.php(282): PopupController->run()
#5 D:\OSPanel\domains\testsite\framework\web\CWebApplication.php(141): CWebApplication->runController()
#6 D:\OSPanel\domains\testsite\framework\base\CApplication.php(185): CWebApplication->processRequest()
#7 D:\OSPanel\domains\testsite\index.php(13): CWebApplication->run()
REQUEST_URI=/index.php/popup/getpopupbyscript
in D:\OSPanel\domains\testsite\protected\controllers\PopupController.php (102)
in D:\OSPanel\domains\testsite\index.php (13)
2023/02/23 14:53:31 [error] [php] Attempt to read property "popup_id" on array (D:\OSPanel\domains\testsite\protected\controllers\PopupController.php:111)
Stack trace:
#0 D:\OSPanel\domains\testsite\framework\web\actions\CInlineAction.php(49): PopupController->actionGetPopupByScript()
#1 D:\OSPanel\domains\testsite\framework\web\CController.php(308): CInlineAction->runWithParams()
#2 D:\OSPanel\domains\testsite\framework\web\CController.php(286): PopupController->runAction()
#3 D:\OSPanel\domains\testsite\framework\web\CController.php(265): PopupController->runActionWithFilters()
#4 D:\OSPanel\domains\testsite\framework\web\CWebApplication.php(282): PopupController->run()
#5 D:\OSPanel\domains\testsite\framework\web\CWebApplication.php(141): CWebApplication->runController()
#6 D:\OSPanel\domains\testsite\framework\base\CApplication.php(185): CWebApplication->processRequest()
#7 D:\OSPanel\domains\testsite\index.php(13): CWebApplication->run()
REQUEST_URI=/index.php/popup/getpopupbyscript
in D:\OSPanel\domains\testsite\protected\controllers\PopupController.php (111)
in D:\OSPanel\domains\testsite\index.php (13)
2023/02/23 15:01:04 [error] [exception.CException] CException: Property "Popup.url" is not defined. in D:\OSPanel\domains\testsite\framework\base\CComponent.php:173
Stack trace:
#0 D:\OSPanel\domains\testsite\framework\db\ar\CActiveRecord.php(162): CComponent->__set()
#1 D:\OSPanel\domains\testsite\protected\controllers\PopupController.php(101): CActiveRecord->__set()
#2 [internal function]: PopupController->actionGetScript()
#3 D:\OSPanel\domains\testsite\framework\web\actions\CAction.php(115): ReflectionMethod->invokeArgs()
#4 D:\OSPanel\domains\testsite\framework\web\actions\CInlineAction.php(47): CAction->runWithParamsInternal()
#5 D:\OSPanel\domains\testsite\framework\web\CController.php(308): CInlineAction->runWithParams()
#6 D:\OSPanel\domains\testsite\framework\web\CController.php(286): CController->runAction()
#7 D:\OSPanel\domains\testsite\framework\web\CController.php(265): CController->runActionWithFilters()
#8 D:\OSPanel\domains\testsite\framework\web\CWebApplication.php(282): CController->run()
#9 D:\OSPanel\domains\testsite\framework\web\CWebApplication.php(141): CWebApplication->runController()
#10 D:\OSPanel\domains\testsite\framework\base\CApplication.php(185): CWebApplication->processRequest()
#11 D:\OSPanel\domains\testsite\index.php(13): CApplication->run()
#12 {main}
REQUEST_URI=/index.php/popup/getscript?id=1
HTTP_REFERER=http://testsite/index.php/popup/index
---
2023/02/23 15:02:40 [error] [php] Attempt to read property "url" on string (D:\OSPanel\domains\testsite\protected\views\popup\getscript.php:9)
Stack trace:
#0 D:\OSPanel\domains\testsite\framework\web\CBaseController.php(126): require()
#1 D:\OSPanel\domains\testsite\framework\web\CBaseController.php(95): PopupController->renderInternal()
#2 D:\OSPanel\domains\testsite\framework\web\CController.php(872): PopupController->renderFile()
#3 D:\OSPanel\domains\testsite\framework\web\CController.php(785): PopupController->renderPartial()
#4 D:\OSPanel\domains\testsite\protected\controllers\PopupController.php(102): PopupController->render()
#5 unknown(0): PopupController->actionGetScript()
#6 D:\OSPanel\domains\testsite\framework\web\actions\CAction.php(115): ReflectionMethod->invokeArgs()
#7 D:\OSPanel\domains\testsite\framework\web\actions\CInlineAction.php(47): CInlineAction->runWithParamsInternal()
#8 D:\OSPanel\domains\testsite\framework\web\CController.php(308): CInlineAction->runWithParams()
#9 D:\OSPanel\domains\testsite\framework\web\CController.php(286): PopupController->runAction()
#10 D:\OSPanel\domains\testsite\framework\web\CController.php(265): PopupController->runActionWithFilters()
#11 D:\OSPanel\domains\testsite\framework\web\CWebApplication.php(282): PopupController->run()
#12 D:\OSPanel\domains\testsite\framework\web\CWebApplication.php(141): CWebApplication->runController()
#13 D:\OSPanel\domains\testsite\framework\base\CApplication.php(185): CWebApplication->processRequest()
#14 D:\OSPanel\domains\testsite\index.php(13): CWebApplication->run()
REQUEST_URI=/index.php/popup/getscript?id=1
in D:\OSPanel\domains\testsite\protected\views\popup\getscript.php (9)
in D:\OSPanel\domains\testsite\protected\controllers\PopupController.php (102)
in D:\OSPanel\domains\testsite\index.php (13)
2023/02/23 15:40:50 [error] [exception.TypeError] TypeError: json_decode(): Argument #1 ($json) must be of type string, array given in D:\OSPanel\domains\testsite\protected\controllers\PopupController.php:113
Stack trace:
#0 D:\OSPanel\domains\testsite\protected\controllers\PopupController.php(113): json_decode()
#1 D:\OSPanel\domains\testsite\framework\web\actions\CInlineAction.php(49): PopupController->actionGetPopupByScript()
#2 D:\OSPanel\domains\testsite\framework\web\CController.php(308): CInlineAction->runWithParams()
#3 D:\OSPanel\domains\testsite\framework\web\CController.php(286): CController->runAction()
#4 D:\OSPanel\domains\testsite\framework\web\CController.php(265): CController->runActionWithFilters()
#5 D:\OSPanel\domains\testsite\framework\web\CWebApplication.php(282): CController->run()
#6 D:\OSPanel\domains\testsite\framework\web\CWebApplication.php(141): CWebApplication->runController()
#7 D:\OSPanel\domains\testsite\framework\base\CApplication.php(185): CWebApplication->processRequest()
#8 D:\OSPanel\domains\testsite\index.php(13): CApplication->run()
#9 {main}
REQUEST_URI=/index.php/popup/getpopupbyscript
HTTP_REFERER=http://testsite/index.php/popup/demo?id=2
---
2023/02/23 15:41:41 [error] [exception.TypeError] TypeError: json_decode(): Argument #1 ($json) must be of type string, array given in D:\OSPanel\domains\testsite\protected\controllers\PopupController.php:113
Stack trace:
#0 D:\OSPanel\domains\testsite\protected\controllers\PopupController.php(113): json_decode()
#1 D:\OSPanel\domains\testsite\framework\web\actions\CInlineAction.php(49): PopupController->actionGetPopupByScript()
#2 D:\OSPanel\domains\testsite\framework\web\CController.php(308): CInlineAction->runWithParams()
#3 D:\OSPanel\domains\testsite\framework\web\CController.php(286): CController->runAction()
#4 D:\OSPanel\domains\testsite\framework\web\CController.php(265): CController->runActionWithFilters()
#5 D:\OSPanel\domains\testsite\framework\web\CWebApplication.php(282): CController->run()
#6 D:\OSPanel\domains\testsite\framework\web\CWebApplication.php(141): CWebApplication->runController()
#7 D:\OSPanel\domains\testsite\framework\base\CApplication.php(185): CWebApplication->processRequest()
#8 D:\OSPanel\domains\testsite\index.php(13): CApplication->run()
#9 {main}
REQUEST_URI=/index.php/popup/getpopupbyscript
HTTP_REFERER=http://testsite/index.php/popup/demo?id=2
---
2023/02/23 15:45:04 [error] [php] Undefined array key "popup_id" (D:\OSPanel\domains\testsite\protected\controllers\PopupController.php:114)
Stack trace:
#0 D:\OSPanel\domains\testsite\framework\web\actions\CInlineAction.php(49): PopupController->actionGetPopupByScript()
#1 D:\OSPanel\domains\testsite\framework\web\CController.php(308): CInlineAction->runWithParams()
#2 D:\OSPanel\domains\testsite\framework\web\CController.php(286): PopupController->runAction()
#3 D:\OSPanel\domains\testsite\framework\web\CController.php(265): PopupController->runActionWithFilters()
#4 D:\OSPanel\domains\testsite\framework\web\CWebApplication.php(282): PopupController->run()
#5 D:\OSPanel\domains\testsite\framework\web\CWebApplication.php(141): CWebApplication->runController()
#6 D:\OSPanel\domains\testsite\framework\base\CApplication.php(185): CWebApplication->processRequest()
#7 D:\OSPanel\domains\testsite\index.php(13): CWebApplication->run()
REQUEST_URI=/index.php/popup/getpopupbyscript
in D:\OSPanel\domains\testsite\protected\controllers\PopupController.php (114)
in D:\OSPanel\domains\testsite\index.php (13)
2023/02/23 15:46:14 [error] [php] Undefined array key "popup_id" (D:\OSPanel\domains\testsite\protected\controllers\PopupController.php:115)
Stack trace:
#0 D:\OSPanel\domains\testsite\framework\web\actions\CInlineAction.php(49): PopupController->actionGetPopupByScript()
#1 D:\OSPanel\domains\testsite\framework\web\CController.php(308): CInlineAction->runWithParams()
#2 D:\OSPanel\domains\testsite\framework\web\CController.php(286): PopupController->runAction()
#3 D:\OSPanel\domains\testsite\framework\web\CController.php(265): PopupController->runActionWithFilters()
#4 D:\OSPanel\domains\testsite\framework\web\CWebApplication.php(282): PopupController->run()
#5 D:\OSPanel\domains\testsite\framework\web\CWebApplication.php(141): CWebApplication->runController()
#6 D:\OSPanel\domains\testsite\framework\base\CApplication.php(185): CWebApplication->processRequest()
#7 D:\OSPanel\domains\testsite\index.php(13): CWebApplication->run()
REQUEST_URI=/index.php/popup/getpopupbyscript
in D:\OSPanel\domains\testsite\protected\controllers\PopupController.php (115)
in D:\OSPanel\domains\testsite\index.php (13)
2023/02/23 15:47:37 [error] [php] Attempt to read property "popup_id" on array (D:\OSPanel\domains\testsite\protected\controllers\PopupController.php:114)
Stack trace:
#0 D:\OSPanel\domains\testsite\framework\web\actions\CInlineAction.php(49): PopupController->actionGetPopupByScript()
#1 D:\OSPanel\domains\testsite\framework\web\CController.php(308): CInlineAction->runWithParams()
#2 D:\OSPanel\domains\testsite\framework\web\CController.php(286): PopupController->runAction()
#3 D:\OSPanel\domains\testsite\framework\web\CController.php(265): PopupController->runActionWithFilters()
#4 D:\OSPanel\domains\testsite\framework\web\CWebApplication.php(282): PopupController->run()
#5 D:\OSPanel\domains\testsite\framework\web\CWebApplication.php(141): CWebApplication->runController()
#6 D:\OSPanel\domains\testsite\framework\base\CApplication.php(185): CWebApplication->processRequest()
#7 D:\OSPanel\domains\testsite\index.php(13): CWebApplication->run()
REQUEST_URI=/index.php/popup/getpopupbyscript
in D:\OSPanel\domains\testsite\protected\controllers\PopupController.php (114)
in D:\OSPanel\domains\testsite\index.php (13)
2023/02/23 15:48:45 [error] [exception.ParseError] ParseError: syntax error, unexpected token "*" in D:\OSPanel\domains\testsite\protected\controllers\PopupController.php:124
Stack trace:
#0 D:\OSPanel\domains\testsite\framework\web\CWebApplication.php(276): CWebApplication->createController()
#1 D:\OSPanel\domains\testsite\framework\web\CWebApplication.php(141): CWebApplication->runController()
#2 D:\OSPanel\domains\testsite\framework\base\CApplication.php(185): CWebApplication->processRequest()
#3 D:\OSPanel\domains\testsite\index.php(13): CApplication->run()
#4 {main}
REQUEST_URI=/index.php/popup/getpopupbyscript
---
2023/02/23 15:49:17 [error] [php] Undefined array key "popup_id" (D:\OSPanel\domains\testsite\protected\controllers\PopupController.php:114)
Stack trace:
#0 D:\OSPanel\domains\testsite\framework\web\actions\CInlineAction.php(49): PopupController->actionGetPopupByScript()
#1 D:\OSPanel\domains\testsite\framework\web\CController.php(308): CInlineAction->runWithParams()
#2 D:\OSPanel\domains\testsite\framework\web\CController.php(286): PopupController->runAction()
#3 D:\OSPanel\domains\testsite\framework\web\CController.php(265): PopupController->runActionWithFilters()
#4 D:\OSPanel\domains\testsite\framework\web\CWebApplication.php(282): PopupController->run()
#5 D:\OSPanel\domains\testsite\framework\web\CWebApplication.php(141): CWebApplication->runController()
#6 D:\OSPanel\domains\testsite\framework\base\CApplication.php(185): CWebApplication->processRequest()
#7 D:\OSPanel\domains\testsite\index.php(13): CWebApplication->run()
REQUEST_URI=/index.php/popup/getpopupbyscript
in D:\OSPanel\domains\testsite\protected\controllers\PopupController.php (114)
in D:\OSPanel\domains\testsite\index.php (13)
2023/02/23 15:50:04 [error] [php] Undefined array key "popup_id" (D:\OSPanel\domains\testsite\protected\controllers\PopupController.php:115)
Stack trace:
#0 D:\OSPanel\domains\testsite\framework\web\actions\CInlineAction.php(49): PopupController->actionGetPopupByScript()
#1 D:\OSPanel\domains\testsite\framework\web\CController.php(308): CInlineAction->runWithParams()
#2 D:\OSPanel\domains\testsite\framework\web\CController.php(286): PopupController->runAction()
#3 D:\OSPanel\domains\testsite\framework\web\CController.php(265): PopupController->runActionWithFilters()
#4 D:\OSPanel\domains\testsite\framework\web\CWebApplication.php(282): PopupController->run()
#5 D:\OSPanel\domains\testsite\framework\web\CWebApplication.php(141): CWebApplication->runController()
#6 D:\OSPanel\domains\testsite\framework\base\CApplication.php(185): CWebApplication->processRequest()
#7 D:\OSPanel\domains\testsite\index.php(13): CWebApplication->run()
REQUEST_URI=/index.php/popup/getpopupbyscript
in D:\OSPanel\domains\testsite\protected\controllers\PopupController.php (115)
in D:\OSPanel\domains\testsite\index.php (13)
2023/02/23 15:50:54 [error] [exception.TypeError] TypeError: json_decode(): Argument #1 ($json) must be of type string, array given in D:\OSPanel\domains\testsite\protected\controllers\PopupController.php:114
Stack trace:
#0 D:\OSPanel\domains\testsite\protected\controllers\PopupController.php(114): json_decode()
#1 D:\OSPanel\domains\testsite\framework\web\actions\CInlineAction.php(49): PopupController->actionGetPopupByScript()
#2 D:\OSPanel\domains\testsite\framework\web\CController.php(308): CInlineAction->runWithParams()
#3 D:\OSPanel\domains\testsite\framework\web\CController.php(286): CController->runAction()
#4 D:\OSPanel\domains\testsite\framework\web\CController.php(265): CController->runActionWithFilters()
#5 D:\OSPanel\domains\testsite\framework\web\CWebApplication.php(282): CController->run()
#6 D:\OSPanel\domains\testsite\framework\web\CWebApplication.php(141): CWebApplication->runController()
#7 D:\OSPanel\domains\testsite\framework\base\CApplication.php(185): CWebApplication->processRequest()
#8 D:\OSPanel\domains\testsite\index.php(13): CApplication->run()
#9 {main}
REQUEST_URI=/index.php/popup/getpopupbyscript
HTTP_REFERER=http://testsite/index.php/popup/demo?id=2
---
2023/02/23 15:51:32 [error] [php] Undefined array key 0 (D:\OSPanel\domains\testsite\protected\controllers\PopupController.php:114)
Stack trace:
#0 D:\OSPanel\domains\testsite\framework\web\actions\CInlineAction.php(49): PopupController->actionGetPopupByScript()
#1 D:\OSPanel\domains\testsite\framework\web\CController.php(308): CInlineAction->runWithParams()
#2 D:\OSPanel\domains\testsite\framework\web\CController.php(286): PopupController->runAction()
#3 D:\OSPanel\domains\testsite\framework\web\CController.php(265): PopupController->runActionWithFilters()
#4 D:\OSPanel\domains\testsite\framework\web\CWebApplication.php(282): PopupController->run()
#5 D:\OSPanel\domains\testsite\framework\web\CWebApplication.php(141): CWebApplication->runController()
#6 D:\OSPanel\domains\testsite\framework\base\CApplication.php(185): CWebApplication->processRequest()
#7 D:\OSPanel\domains\testsite\index.php(13): CWebApplication->run()
REQUEST_URI=/index.php/popup/getpopupbyscript
in D:\OSPanel\domains\testsite\protected\controllers\PopupController.php (114)
in D:\OSPanel\domains\testsite\index.php (13)
2023/02/23 15:54:02 [error] [exception.TypeError] TypeError: json_decode(): Argument #1 ($json) must be of type string, array given in D:\OSPanel\domains\testsite\protected\controllers\PopupController.php:116
Stack trace:
#0 D:\OSPanel\domains\testsite\protected\controllers\PopupController.php(116): json_decode()
#1 D:\OSPanel\domains\testsite\framework\web\actions\CInlineAction.php(49): PopupController->actionGetPopupByScript()
#2 D:\OSPanel\domains\testsite\framework\web\CController.php(308): CInlineAction->runWithParams()
#3 D:\OSPanel\domains\testsite\framework\web\CController.php(286): CController->runAction()
#4 D:\OSPanel\domains\testsite\framework\web\CController.php(265): CController->runActionWithFilters()
#5 D:\OSPanel\domains\testsite\framework\web\CWebApplication.php(282): CController->run()
#6 D:\OSPanel\domains\testsite\framework\web\CWebApplication.php(141): CWebApplication->runController()
#7 D:\OSPanel\domains\testsite\framework\base\CApplication.php(185): CWebApplication->processRequest()
#8 D:\OSPanel\domains\testsite\index.php(13): CApplication->run()
#9 {main}
REQUEST_URI=/index.php/popup/getpopupbyscript
HTTP_REFERER=http://testsite/index.php/popup/demo?id=2
---
2023/02/23 15:55:21 [error] [exception.Error] Error: Cannot use object of type stdClass as array in D:\OSPanel\domains\testsite\protected\controllers\PopupController.php:117
Stack trace:
#0 D:\OSPanel\domains\testsite\framework\web\actions\CInlineAction.php(49): PopupController->actionGetPopupByScript()
#1 D:\OSPanel\domains\testsite\framework\web\CController.php(308): CInlineAction->runWithParams()
#2 D:\OSPanel\domains\testsite\framework\web\CController.php(286): CController->runAction()
#3 D:\OSPanel\domains\testsite\framework\web\CController.php(265): CController->runActionWithFilters()
#4 D:\OSPanel\domains\testsite\framework\web\CWebApplication.php(282): CController->run()
#5 D:\OSPanel\domains\testsite\framework\web\CWebApplication.php(141): CWebApplication->runController()
#6 D:\OSPanel\domains\testsite\framework\base\CApplication.php(185): CWebApplication->processRequest()
#7 D:\OSPanel\domains\testsite\index.php(13): CApplication->run()
#8 {main}
REQUEST_URI=/index.php/popup/getpopupbyscript
HTTP_REFERER=http://testsite/index.php/popup/demo?id=2
---
2023/02/23 16:39:19 [error] [exception.TypeError] TypeError: count(): Argument #1 ($value) must be of type Countable|array, string given in D:\OSPanel\domains\testsite\framework\db\schema\CDbCommandBuilder.php:555
Stack trace:
#0 D:\OSPanel\domains\testsite\framework\db\schema\CDbCommandBuilder.php(198): CDbCommandBuilder->bindValues()
#1 D:\OSPanel\domains\testsite\framework\db\ar\CActiveRecord.php(1825): CDbCommandBuilder->createDeleteCommand()
#2 D:\OSPanel\domains\testsite\protected\controllers\PopupController.php(82): CActiveRecord->deleteAll()
#3 [internal function]: PopupController->actionDelete()
#4 D:\OSPanel\domains\testsite\framework\web\actions\CAction.php(115): ReflectionMethod->invokeArgs()
#5 D:\OSPanel\domains\testsite\framework\web\actions\CInlineAction.php(47): CAction->runWithParamsInternal()
#6 D:\OSPanel\domains\testsite\framework\web\CController.php(308): CInlineAction->runWithParams()
#7 D:\OSPanel\domains\testsite\framework\web\CController.php(286): CController->runAction()
#8 D:\OSPanel\domains\testsite\framework\web\CController.php(265): CController->runActionWithFilters()
#9 D:\OSPanel\domains\testsite\framework\web\CWebApplication.php(282): CController->run()
#10 D:\OSPanel\domains\testsite\framework\web\CWebApplication.php(141): CWebApplication->runController()
#11 D:\OSPanel\domains\testsite\framework\base\CApplication.php(185): CWebApplication->processRequest()
#12 D:\OSPanel\domains\testsite\index.php(13): CApplication->run()
#13 {main}
REQUEST_URI=/index.php/popup/delete?id=3
HTTP_REFERER=http://testsite/index.php/popup/index
---
2023/02/23 16:41:23 [error] [exception.Error] Error: Call to a member function delete() on null in D:\OSPanel\domains\testsite\protected\controllers\PopupController.php:83
Stack trace:
#0 [internal function]: PopupController->actionDelete()
#1 D:\OSPanel\domains\testsite\framework\web\actions\CAction.php(115): ReflectionMethod->invokeArgs()
#2 D:\OSPanel\domains\testsite\framework\web\actions\CInlineAction.php(47): CAction->runWithParamsInternal()
#3 D:\OSPanel\domains\testsite\framework\web\CController.php(308): CInlineAction->runWithParams()
#4 D:\OSPanel\domains\testsite\framework\web\CController.php(286): CController->runAction()
#5 D:\OSPanel\domains\testsite\framework\web\CController.php(265): CController->runActionWithFilters()
#6 D:\OSPanel\domains\testsite\framework\web\CWebApplication.php(282): CController->run()
#7 D:\OSPanel\domains\testsite\framework\web\CWebApplication.php(141): CWebApplication->runController()
#8 D:\OSPanel\domains\testsite\framework\base\CApplication.php(185): CWebApplication->processRequest()
#9 D:\OSPanel\domains\testsite\index.php(13): CApplication->run()
#10 {main}
REQUEST_URI=/index.php/popup/delete?id=3
HTTP_REFERER=http://testsite/index.php/popup/index
---
2023/02/23 16:41:29 [error] [exception.Error] Error: Call to a member function delete() on null in D:\OSPanel\domains\testsite\protected\controllers\PopupController.php:83
Stack trace:
#0 [internal function]: PopupController->actionDelete()
#1 D:\OSPanel\domains\testsite\framework\web\actions\CAction.php(115): ReflectionMethod->invokeArgs()
#2 D:\OSPanel\domains\testsite\framework\web\actions\CInlineAction.php(47): CAction->runWithParamsInternal()
#3 D:\OSPanel\domains\testsite\framework\web\CController.php(308): CInlineAction->runWithParams()
#4 D:\OSPanel\domains\testsite\framework\web\CController.php(286): CController->runAction()
#5 D:\OSPanel\domains\testsite\framework\web\CController.php(265): CController->runActionWithFilters()
#6 D:\OSPanel\domains\testsite\framework\web\CWebApplication.php(282): CController->run()
#7 D:\OSPanel\domains\testsite\framework\web\CWebApplication.php(141): CWebApplication->runController()
#8 D:\OSPanel\domains\testsite\framework\base\CApplication.php(185): CWebApplication->processRequest()
#9 D:\OSPanel\domains\testsite\index.php(13): CApplication->run()
#10 {main}
REQUEST_URI=/index.php/popup/delete?id=3
HTTP_REFERER=http://testsite/index.php/popup/index
---
